"Task Aware Debugger for GDB" version 11.9.1 (202403060848)
Copyright 2016-2023 NXP
==================================
12:07:36.986 INFO: [TadModel] DSF session ID 6 has started.
12:07:41.115 INFO: [TadState] TAD state changed: DEBUG_STARTED -> DEBUG_INIT_0 (RESUMED, USER_REQUEST)
12:07:41.173 INFO: [TadState] TAD state changed: DEBUG_INIT_0 -> DEBUG_INIT_1 (SUSPENDED, SIGNAL)
12:07:49.755 INFO: [TadState] TAD state changed: DEBUG_INIT_1 -> DEBUG_SUSPENDED (RESUMED, USER_REQUEST)
12:07:49.911 INFO: [TadState] TAD state changed: DEBUG_SUSPENDED -> DEBUG_SUSPENDED (SUSPENDED, BREAKPOINT)
12:07:51.397 INFO: [TadState] TAD state changed: DEBUG_SUSPENDED -> DEBUG_RESUMED (RESUMED, STEP)
12:07:51.593 INFO: [TadState] TAD state changed: DEBUG_RESUMED -> READY (SUSPENDED, STEP)
12:07:51.631 INFO: [TadState] TAD state changed: READY -> DEBUG_RESUMED (RESUMED, STEP)
12:07:51.828 INFO: [TadState] TAD state changed: DEBUG_RESUMED -> READY (SUSPENDED, STEP)
12:07:51.869 INFO: [TadState] TAD state changed: READY -> DEBUG_RESUMED (RESUMED, STEP)
12:07:52.66 INFO: [TadState] TAD state changed: DEBUG_RESUMED -> READY (SUSPENDED, STEP)
12:07:52.108 INFO: [TadState] TAD state changed: READY -> DEBUG_RESUMED (RESUMED, STEP)
12:07:52.307 INFO: [TadState] TAD state changed: DEBUG_RESUMED -> READY (SUSPENDED, STEP)
12:07:52.340 INFO: [TadState] TAD state changed: READY -> DEBUG_RESUMED (RESUMED, STEP)
12:07:52.537 INFO: [TadState] TAD state changed: DEBUG_RESUMED -> READY (SUSPENDED, STEP)
12:07:52.583 INFO: [TadState] TAD state changed: READY -> DEBUG_RESUMED (RESUMED, STEP)
12:07:52.804 INFO: [TadState] TAD state changed: DEBUG_RESUMED -> READY (SUSPENDED, STEP)
12:07:52.887 INFO: [TadState] TAD state changed: READY -> DEBUG_RESUMED (RESUMED, STEP)
12:07:53.84 INFO: [TadState] TAD state changed: DEBUG_RESUMED -> READY (SUSPENDED, STEP)
12:07:53.119 INFO: [TadState] TAD state changed: READY -> DEBUG_RESUMED (RESUMED, STEP)
12:07:53.316 INFO: [TadState] TAD state changed: DEBUG_RESUMED -> READY (SUSPENDED, STEP)
12:07:53.355 INFO: [TadState] TAD state changed: READY -> DEBUG_RESUMED (RESUMED, STEP)
12:07:53.551 INFO: [TadState] TAD state changed: DEBUG_RESUMED -> READY (SUSPENDED, STEP)
12:07:54.21 INFO: [TadState] TAD state changed: READY -> DEBUG_RESUMED (RESUMED, STEP)
12:07:54.169 INFO: [TadState] TAD state changed: DEBUG_RESUMED -> READY (SUSPENDED, STEP)
12:07:54.257 INFO: [TadState] TAD state changed: READY -> DEBUG_RESUMED (RESUMED, STEP)
12:07:54.505 INFO: [TadState] TAD state changed: DEBUG_RESUMED -> READY (SUSPENDED, STEP)
12:07:54.554 INFO: [TadState] TAD state changed: READY -> DEBUG_RESUMED (RESUMED, STEP)
12:07:55.14 INFO: [TadState] TAD state changed: DEBUG_RESUMED -> READY (SUSPENDED, STEP)
12:07:55.676 INFO: [TadState] TAD state changed: READY -> DEBUG_RESUMED (RESUMED, STEP)
12:07:56.159 INFO: [TadState] TAD state changed: DEBUG_RESUMED -> READY (SUSPENDED, STEP)
12:07:56.817 INFO: [TadState] TAD state changed: READY -> DEBUG_RESUMED (RESUMED, STEP)
12:07:57.187 INFO: [TadState] TAD state changed: DEBUG_RESUMED -> READY (SUSPENDED, STEP)
12:07:57.978 INFO: [TadState] TAD state changed: READY -> DEBUG_RESUMED (RESUMED, STEP)
12:08:20.309 INFO: [TadState] TAD state changed: DEBUG_RESUMED -> READY (SUSPENDED, SIGNAL)
12:08:21.626 INFO: [TadModel] DSF session ID 6 has ended.
