"Task Aware Debugger for GDB" version 11.9.1 (202403060848)
Copyright 2016-2023 NXP
==================================
12:07:36.986 INFO: [TadModel] DSF session ID 6 has started.
12:07:41.115 INFO: [TadState] TAD state changed: DEBUG_STARTED -> DEBUG_INIT_0 (RESUMED, USER_REQUEST)
12:07:41.173 INFO: [TadState] TAD state changed: DEBUG_INIT_0 -> DEBUG_INIT_1 (SUSPENDED, SIGNAL)
12:07:49.755 INFO: [TadState] TAD state changed: DEBUG_INIT_1 -> DEBUG_SUSPENDED (RESUMED, USER_REQUEST)
12:07:49.911 INFO: [TadState] TAD state changed: DEBUG_SUSPENDED -> DEBUG_SUSPENDED (SUSPENDED, BREAKPOINT)
12:07:51.397 INFO: [TadState] TAD state changed: DEBUG_SUSPENDED -> DEBUG_RESUMED (RESUMED, STEP)
12:07:51.592 INFO: [TadState] TAD state changed: DEBUG_RESUMED -> READY (SUSPENDED, STEP)
12:07:51.631 INFO: [TadState] TAD state changed: READY -> DEBUG_RESUMED (RESUMED, STEP)
12:07:51.827 INFO: [TadState] TAD state changed: DEBUG_RESUMED -> READY (SUSPENDED, STEP)
12:07:51.869 INFO: [TadState] TAD state changed: READY -> DEBUG_RESUMED (RESUMED, STEP)
12:07:52.66 INFO: [TadState] TAD state changed: DEBUG_RESUMED -> READY (SUSPENDED, STEP)
12:07:52.108 INFO: [TadState] TAD state changed: READY -> DEBUG_RESUMED (RESUMED, STEP)
12:07:52.306 INFO: [TadState] TAD state changed: DEBUG_RESUMED -> READY (SUSPENDED, STEP)
12:07:52.340 INFO: [TadState] TAD state changed: READY -> DEBUG_RESUMED (RESUMED, STEP)
12:07:52.537 INFO: [TadState] TAD state changed: DEBUG_RESUMED -> READY (SUSPENDED, STEP)
12:07:52.583 INFO: [TadState] TAD state changed: READY -> DEBUG_RESUMED (RESUMED, STEP)
12:07:52.803 INFO: [TadState] TAD state changed: DEBUG_RESUMED -> READY (SUSPENDED, STEP)
12:07:52.886 INFO: [TadState] TAD state changed: READY -> DEBUG_RESUMED (RESUMED, STEP)
12:07:53.83 INFO: [TadState] TAD state changed: DEBUG_RESUMED -> READY (SUSPENDED, STEP)
12:07:53.119 INFO: [TadState] TAD state changed: READY -> DEBUG_RESUMED (RESUMED, STEP)
12:07:53.315 INFO: [TadState] TAD state changed: DEBUG_RESUMED -> READY (SUSPENDED, STEP)
12:07:53.354 INFO: [TadState] TAD state changed: READY -> DEBUG_RESUMED (RESUMED, STEP)
12:07:53.550 INFO: [TadState] TAD state changed: DEBUG_RESUMED -> READY (SUSPENDED, STEP)
12:07:54.21 INFO: [TadState] TAD state changed: READY -> DEBUG_RESUMED (RESUMED, STEP)
12:07:54.168 INFO: [TadState] TAD state changed: DEBUG_RESUMED -> READY (SUSPENDED, STEP)
12:07:54.257 INFO: [TadState] TAD state changed: READY -> DEBUG_RESUMED (RESUMED, STEP)
12:07:54.505 INFO: [TadState] TAD state changed: DEBUG_RESUMED -> READY (SUSPENDED, STEP)
12:07:54.553 INFO: [TadState] TAD state changed: READY -> DEBUG_RESUMED (RESUMED, STEP)
12:07:55.13 INFO: [TadState] TAD state changed: DEBUG_RESUMED -> READY (SUSPENDED, STEP)
12:07:55.676 INFO: [TadState] TAD state changed: READY -> DEBUG_RESUMED (RESUMED, STEP)
12:07:56.159 INFO: [TadState] TAD state changed: DEBUG_RESUMED -> READY (SUSPENDED, STEP)
12:07:56.817 INFO: [TadState] TAD state changed: READY -> DEBUG_RESUMED (RESUMED, STEP)
12:07:57.187 INFO: [TadState] TAD state changed: DEBUG_RESUMED -> READY (SUSPENDED, STEP)
12:07:57.977 INFO: [TadState] TAD state changed: READY -> DEBUG_RESUMED (RESUMED, STEP)
12:08:20.309 INFO: [TadState] TAD state changed: DEBUG_RESUMED -> READY (SUSPENDED, SIGNAL)
12:08:21.628 INFO: [TadModel] DSF session ID 6 has ended.
