"Task Aware Debugger for GDB" version 11.9.1 (202403060848)
Copyright 2016-2023 NXP
==================================
12:17:23.496 INFO: [TadModel] DSF session ID 9 has started.
12:17:28.986 INFO: [TadState] TAD state changed: DEBUG_STARTED -> DEBUG_INIT_0 (RESUMED, USER_REQUEST)
12:17:29.13 INFO: [TadState] TAD state changed: DEBUG_INIT_0 -> DEBUG_INIT_1 (SUSPENDED, SIGNAL)
12:17:38.943 INFO: [TadState] TAD state changed: DEBUG_INIT_1 -> DEBUG_SUSPENDED (RESUMED, USER_REQUEST)
12:17:39.103 INFO: [TadState] TAD state changed: DEBUG_SUSPENDED -> DEBUG_SUSPENDED (SUSPENDED, BREAKPOINT)
12:17:41.538 INFO: [TadState] TAD state changed: DEBUG_SUSPENDED -> DEBUG_RESUMED (RESUMED, STEP)
12:17:41.734 INFO: [TadState] TAD state changed: DEBUG_RESUMED -> READY (SUSPENDED, STEP)
12:17:41.787 INFO: [TadState] TAD state changed: READY -> DEBUG_RESUMED (RESUMED, STEP)
12:17:41.983 INFO: [TadState] TAD state changed: DEBUG_RESUMED -> READY (SUSPENDED, STEP)
12:17:42.24 INFO: [TadState] TAD state changed: READY -> DEBUG_RESUMED (RESUMED, STEP)
12:17:42.223 INFO: [TadState] TAD state changed: DEBUG_RESUMED -> READY (SUSPENDED, STEP)
12:17:42.256 INFO: [TadState] TAD state changed: READY -> DEBUG_RESUMED (RESUMED, STEP)
12:17:42.453 INFO: [TadState] TAD state changed: DEBUG_RESUMED -> READY (SUSPENDED, STEP)
12:17:42.498 INFO: [TadState] TAD state changed: READY -> DEBUG_RESUMED (RESUMED, STEP)
12:17:42.695 INFO: [TadState] TAD state changed: DEBUG_RESUMED -> READY (SUSPENDED, STEP)
12:17:42.737 INFO: [TadState] TAD state changed: READY -> DEBUG_RESUMED (RESUMED, STEP)
12:17:42.958 INFO: [TadState] TAD state changed: DEBUG_RESUMED -> READY (SUSPENDED, STEP)
12:17:42.991 INFO: [TadState] TAD state changed: READY -> DEBUG_RESUMED (RESUMED, STEP)
12:17:43.189 INFO: [TadState] TAD state changed: DEBUG_RESUMED -> READY (SUSPENDED, STEP)
12:17:43.970 INFO: [TadState] TAD state changed: READY -> DEBUG_RESUMED (RESUMED, STEP)
12:17:44.168 INFO: [TadState] TAD state changed: DEBUG_RESUMED -> READY (SUSPENDED, STEP)
12:17:44.852 INFO: [TadState] TAD state changed: READY -> DEBUG_RESUMED (RESUMED, STEP)
12:17:45.49 INFO: [TadState] TAD state changed: DEBUG_RESUMED -> READY (SUSPENDED, STEP)
12:17:45.581 INFO: [TadState] TAD state changed: READY -> DEBUG_RESUMED (RESUMED, STEP)
12:17:45.725 INFO: [TadState] TAD state changed: DEBUG_RESUMED -> READY (SUSPENDED, STEP)
12:17:45.945 INFO: [TadState] TAD state changed: READY -> DEBUG_RESUMED (RESUMED, STEP)
12:17:46.195 INFO: [TadState] TAD state changed: DEBUG_RESUMED -> READY (SUSPENDED, STEP)
12:17:46.309 INFO: [TadState] TAD state changed: READY -> DEBUG_RESUMED (RESUMED, STEP)
12:17:46.761 INFO: [TadState] TAD state changed: DEBUG_RESUMED -> READY (SUSPENDED, STEP)
12:17:47.286 INFO: [TadState] TAD state changed: READY -> DEBUG_RESUMED (RESUMED, STEP)
12:17:47.771 INFO: [TadState] TAD state changed: DEBUG_RESUMED -> READY (SUSPENDED, STEP)
12:17:47.867 INFO: [TadState] TAD state changed: READY -> DEBUG_RESUMED (RESUMED, STEP)
12:17:48.238 INFO: [TadState] TAD state changed: DEBUG_RESUMED -> READY (SUSPENDED, STEP)
12:17:49.11 INFO: [TadState] TAD state changed: READY -> DEBUG_RESUMED (RESUMED, STEP)
12:17:49.745 INFO: [TadState] TAD state changed: DEBUG_RESUMED -> READY (SUSPENDED, STEP)
12:17:52.969 INFO: [TadState] TAD state changed: READY -> DEBUG_RESUMED (RESUMED, STEP)
12:17:53.425 INFO: [TadState] TAD state changed: DEBUG_RESUMED -> READY (SUSPENDED, STEP)
12:17:55.623 INFO: [TadState] TAD state changed: READY -> DEBUG_RESUMED (RESUMED, STEP)
12:17:55.852 INFO: [TadState] TAD state changed: DEBUG_RESUMED -> READY (SUSPENDED, STEP)
12:17:56.347 INFO: [TadState] TAD state changed: READY -> DEBUG_RESUMED (RESUMED, STEP)
12:17:56.573 INFO: [TadState] TAD state changed: DEBUG_RESUMED -> READY (SUSPENDED, STEP)
12:17:56.693 INFO: [TadState] TAD state changed: READY -> DEBUG_RESUMED (RESUMED, STEP)
12:17:56.844 INFO: [TadState] TAD state changed: DEBUG_RESUMED -> READY (SUSPENDED, STEP)
12:17:57.09 INFO: [TadState] TAD state changed: READY -> DEBUG_RESUMED (RESUMED, STEP)
12:17:57.448 INFO: [TadState] TAD state changed: DEBUG_RESUMED -> READY (SUSPENDED, STEP)
12:17:57.562 INFO: [TadState] TAD state changed: READY -> DEBUG_RESUMED (RESUMED, STEP)
12:17:57.934 INFO: [TadState] TAD state changed: DEBUG_RESUMED -> READY (SUSPENDED, STEP)
12:17:57.965 INFO: [TadState] TAD state changed: READY -> DEBUG_RESUMED (RESUMED, STEP)
12:17:58.117 INFO: [TadState] TAD state changed: DEBUG_RESUMED -> READY (SUSPENDED, STEP)
12:17:58.150 INFO: [TadState] TAD state changed: READY -> DEBUG_RESUMED (RESUMED, STEP)
12:17:58.711 INFO: [TadState] TAD state changed: DEBUG_RESUMED -> READY (SUSPENDED, STEP)
12:17:58.904 INFO: [TadState] TAD state changed: READY -> DEBUG_RESUMED (RESUMED, STEP)
12:17:59.46 INFO: [TadState] TAD state changed: DEBUG_RESUMED -> READY (SUSPENDED, STEP)
12:17:59.126 INFO: [TadState] TAD state changed: READY -> DEBUG_RESUMED (RESUMED, STEP)
12:17:59.280 INFO: [TadState] TAD state changed: DEBUG_RESUMED -> READY (SUSPENDED, STEP)
12:17:59.380 INFO: [TadState] TAD state changed: READY -> DEBUG_RESUMED (RESUMED, STEP)
12:17:59.734 INFO: [TadState] TAD state changed: DEBUG_RESUMED -> READY (SUSPENDED, STEP)
12:17:59.985 INFO: [TadState] TAD state changed: READY -> DEBUG_RESUMED (RESUMED, STEP)
12:18:00.412 INFO: [TadState] TAD state changed: DEBUG_RESUMED -> READY (SUSPENDED, STEP)
12:18:00.451 INFO: [TadState] TAD state changed: READY -> DEBUG_RESUMED (RESUMED, STEP)
12:18:00.722 INFO: [TadState] TAD state changed: DEBUG_RESUMED -> READY (SUSPENDED, STEP)
12:18:00.761 INFO: [TadState] TAD state changed: READY -> DEBUG_RESUMED (RESUMED, STEP)
12:18:01.186 INFO: [TadState] TAD state changed: DEBUG_RESUMED -> READY (SUSPENDED, STEP)
12:18:01.231 INFO: [TadState] TAD state changed: READY -> DEBUG_RESUMED (RESUMED, STEP)
12:18:01.376 INFO: [TadState] TAD state changed: DEBUG_RESUMED -> READY (SUSPENDED, STEP)
12:18:01.416 INFO: [TadState] TAD state changed: READY -> DEBUG_RESUMED (RESUMED, STEP)
12:18:01.827 INFO: [TadState] TAD state changed: DEBUG_RESUMED -> READY (SUSPENDED, STEP)
12:18:01.853 INFO: [TadState] TAD state changed: READY -> DEBUG_RESUMED (RESUMED, STEP)
12:18:02.122 INFO: [TadState] TAD state changed: DEBUG_RESUMED -> READY (SUSPENDED, STEP)
12:18:02.153 INFO: [TadState] TAD state changed: READY -> DEBUG_RESUMED (RESUMED, STEP)
12:18:02.587 INFO: [TadState] TAD state changed: DEBUG_RESUMED -> READY (SUSPENDED, STEP)
12:18:02.624 INFO: [TadState] TAD state changed: READY -> DEBUG_RESUMED (RESUMED, STEP)
12:18:02.959 INFO: [TadState] TAD state changed: DEBUG_RESUMED -> READY (SUSPENDED, STEP)
12:18:03.06 INFO: [TadState] TAD state changed: READY -> DEBUG_RESUMED (RESUMED, STEP)
12:18:03.579 INFO: [TadState] TAD state changed: DEBUG_RESUMED -> READY (SUSPENDED, STEP)
12:18:03.896 INFO: [TadState] TAD state changed: READY -> DEBUG_RESUMED (RESUMED, STEP)
12:18:04.41 INFO: [TadState] TAD state changed: DEBUG_RESUMED -> READY (SUSPENDED, STEP)
12:18:04.117 INFO: [TadState] TAD state changed: READY -> DEBUG_RESUMED (RESUMED, STEP)
12:18:04.524 INFO: [TadState] TAD state changed: DEBUG_RESUMED -> READY (SUSPENDED, STEP)
12:18:04.566 INFO: [TadState] TAD state changed: READY -> DEBUG_RESUMED (RESUMED, STEP)
12:18:04.833 INFO: [TadState] TAD state changed: DEBUG_RESUMED -> READY (SUSPENDED, STEP)
12:18:04.882 INFO: [TadState] TAD state changed: READY -> DEBUG_RESUMED (RESUMED, STEP)
12:18:05.315 INFO: [TadState] TAD state changed: DEBUG_RESUMED -> READY (SUSPENDED, STEP)
12:18:05.341 INFO: [TadState] TAD state changed: READY -> DEBUG_RESUMED (RESUMED, STEP)
12:18:05.677 INFO: [TadState] TAD state changed: DEBUG_RESUMED -> READY (SUSPENDED, STEP)
12:18:05.713 INFO: [TadState] TAD state changed: READY -> DEBUG_RESUMED (RESUMED, STEP)
12:18:06.202 INFO: [TadState] TAD state changed: DEBUG_RESUMED -> READY (SUSPENDED, STEP)
12:18:06.235 INFO: [TadState] TAD state changed: READY -> DEBUG_RESUMED (RESUMED, STEP)
12:18:06.854 INFO: [TadState] TAD state changed: DEBUG_RESUMED -> READY (SUSPENDED, STEP)
12:18:07.479 INFO: [TadState] TAD state changed: READY -> DEBUG_RESUMED (RESUMED, STEP)
12:18:07.742 INFO: [TadState] TAD state changed: DEBUG_RESUMED -> READY (SUSPENDED, STEP)
12:18:07.888 INFO: [TadState] TAD state changed: READY -> DEBUG_RESUMED (RESUMED, STEP)
12:18:08.70 INFO: [TadState] TAD state changed: DEBUG_RESUMED -> READY (SUSPENDED, STEP)
12:18:08.613 INFO: [TadState] TAD state changed: READY -> DEBUG_RESUMED (RESUMED, STEP)
12:18:08.758 INFO: [TadState] TAD state changed: DEBUG_RESUMED -> READY (SUSPENDED, STEP)
12:18:09.467 INFO: [TadState] TAD state changed: READY -> DEBUG_RESUMED (RESUMED, STEP)
12:18:09.874 INFO: [TadState] TAD state changed: DEBUG_RESUMED -> READY (SUSPENDED, STEP)
12:18:10.240 INFO: [TadState] TAD state changed: READY -> DEBUG_RESUMED (RESUMED, STEP)
12:18:10.507 INFO: [TadState] TAD state changed: DEBUG_RESUMED -> READY (SUSPENDED, STEP)
12:18:10.572 INFO: [TadState] TAD state changed: READY -> DEBUG_RESUMED (RESUMED, STEP)
12:18:10.806 INFO: [TadState] TAD state changed: DEBUG_RESUMED -> READY (SUSPENDED, STEP)
12:18:10.970 INFO: [TadState] TAD state changed: READY -> DEBUG_RESUMED (RESUMED, STEP)
12:18:11.400 INFO: [TadState] TAD state changed: DEBUG_RESUMED -> READY (SUSPENDED, STEP)
12:18:11.492 INFO: [TadState] TAD state changed: READY -> DEBUG_RESUMED (RESUMED, STEP)
12:18:11.990 INFO: [TadState] TAD state changed: DEBUG_RESUMED -> READY (SUSPENDED, STEP)
12:18:15.126 INFO: [TadState] TAD state changed: READY -> DEBUG_RESUMED (RESUMED, STEP)
12:18:15.312 INFO: [TadState] TAD state changed: DEBUG_RESUMED -> READY (SUSPENDED, SIGNAL)
12:27:13.384 INFO: [TadModel] DSF session ID 9 has ended.
